SF:lib/l10n/l10n.dart
DA:14,12
LF:1
LH:1
end_of_record
SF:lib/widgets/custom_alert_dialog.dart
DA:16,0
DA:38,0
DA:224,0
DA:226,0
DA:227,0
DA:229,0
DA:230,0
DA:231,0
DA:232,0
DA:234,0
DA:235,0
DA:236,0
DA:237,0
DA:238,0
DA:244,0
DA:245,0
DA:250,0
DA:252,0
DA:254,0
DA:255,0
DA:256,0
DA:257,0
DA:258,0
DA:259,0
DA:260,0
DA:262,0
DA:263,0
DA:264,0
DA:265,0
DA:266,0
DA:269,0
DA:271,0
DA:277,0
DA:278,0
DA:279,0
DA:280,0
DA:281,0
DA:282,0
DA:283,0
DA:284,0
DA:285,0
DA:286,0
DA:288,0
DA:289,0
DA:290,0
DA:291,0
DA:292,0
DA:294,0
DA:300,0
DA:301,0
DA:302,0
DA:303,0
DA:304,0
DA:306,0
DA:322,0
DA:323,0
DA:324,0
DA:325,0
DA:326,0
DA:327,0
DA:330,0
DA:331,0
DA:332,0
DA:337,0
DA:340,0
DA:341,0
DA:342,0
DA:343,0
DA:347,0
DA:348,0
DA:356,0
DA:365,0
DA:366,0
DA:367,0
DA:368,0
DA:369,0
DA:370,0
DA:371,0
DA:377,0
DA:378,0
DA:381,0
LF:81
LH:0
end_of_record
SF:lib/widgets/list_dialog.dart
DA:45,0
DA:89,0
DA:102,0
DA:104,0
DA:105,0
DA:107,0
DA:108,0
DA:112,0
DA:138,0
DA:140,0
DA:147,0
DA:148,0
DA:150,0
DA:152,0
DA:154,0
DA:155,0
DA:156,0
DA:159,0
DA:162,0
DA:163,0
DA:165,0
DA:168,0
DA:169,0
DA:170,0
DA:171,0
DA:172,0
DA:173,0
DA:175,0
DA:176,0
DA:181,0
DA:182,0
DA:186,0
DA:189,0
DA:190,0
DA:193,0
DA:195,0
DA:196,0
DA:199,0
DA:201,0
DA:202,0
DA:210,0
DA:213,0
DA:215,0
DA:218,0
DA:219,0
DA:221,0
DA:222,0
DA:223,0
DA:227,0
DA:228,0
DA:229,0
DA:231,0
DA:232,0
DA:233,0
DA:239,0
DA:240,0
DA:243,0
DA:244,0
DA:245,0
DA:247,0
DA:248,0
DA:260,0
DA:262,0
DA:267,0
DA:268,0
DA:272,0
DA:274,0
DA:275,0
DA:276,0
DA:280,0
DA:282,0
DA:283,0
DA:286,0
DA:288,0
DA:289,0
DA:292,0
DA:293,0
DA:294,0
DA:296,0
DA:297,0
DA:298,0
DA:300,0
DA:301,0
DA:305,0
DA:306,0
DA:307,0
DA:308,0
DA:310,0
DA:311,0
DA:328,0
DA:334,0
DA:341,0
DA:342,0
DA:348,0
DA:350,0
DA:351,0
DA:354,0
DA:356,0
DA:357,0
DA:360,0
DA:362,0
DA:363,0
DA:364,0
DA:365,0
DA:367,0
DA:368,0
DA:369,0
DA:371,0
DA:375,0
DA:376,0
DA:378,0
DA:380,0
DA:383,0
DA:384,0
DA:388,0
DA:390,0
DA:392,0
LF:117
LH:0
end_of_record
SF:lib/widgets/message_display.dart
DA:6,4
DA:11,4
DA:19,1
DA:24,1
DA:32,1
DA:37,1
DA:45,1
DA:50,1
DA:58,7
DA:64,7
DA:70,7
DA:72,7
DA:75,1
DA:77,1
LF:14
LH:14
end_of_record
SF:lib/variable/cubit/variable.g.dart
DA:9,2
DA:12,1
DA:13,1
DA:18,1
DA:19,2
DA:20,2
DA:21,2
DA:27,4
DA:28,2
DA:29,2
DA:30,2
LF:11
LH:11
end_of_record
SF:lib/variable/cubit/variable.dart
DA:14,3
DA:20,1
DA:25,2
DA:34,4
DA:35,2
DA:36,4
DA:38,1
DA:39,4
LF:8
LH:8
end_of_record
SF:lib/repositories/data_store_repository.dart
DA:10,0
DA:11,0
DA:12,0
DA:13,0
DA:14,0
DA:54,0
DA:55,0
DA:56,0
DA:57,0
DA:58,0
DA:59,0
DA:61,0
DA:62,0
DA:63,0
DA:64,0
DA:185,0
DA:186,0
DA:187,0
DA:188,0
LF:19
LH:0
end_of_record
SF:lib/variable/cubit/variables_state.dart
DA:3,12
DA:6,2
DA:7,2
DA:8,2
DA:9,2
DA:10,2
DA:11,2
DA:12,2
DA:13,2
DA:14,2
DA:18,3
DA:23,1
DA:24,1
DA:25,0
DA:26,2
DA:30,1
DA:31,2
DA:32,2
DA:39,1
DA:40,2
DA:41,2
DA:48,1
DA:49,1
DA:51,2
DA:55,1
DA:56,2
DA:57,1
DA:60,1
DA:61,2
DA:62,1
DA:65,2
DA:66,1
DA:69,2
DA:70,1
DA:73,1
DA:74,3
DA:75,1
DA:77,6
DA:78,1
DA:81,1
DA:82,3
DA:84,1
DA:85,2
DA:86,2
LF:44
LH:43
end_of_record
SF:lib/variable/cubit/variables_cubit.dart
DA:9,3
DA:11,1
DA:12,3
DA:15,1
DA:16,3
DA:19,1
DA:20,3
DA:23,1
DA:24,3
DA:27,1
DA:28,2
LF:11
LH:11
end_of_record
SF:lib/branch_variable_value/cubit/branch_variable_value.dart
DA:14,3
DA:16,1
DA:22,2
DA:33,4
DA:34,2
DA:35,4
DA:37,1
DA:38,5
LF:8
LH:8
end_of_record
SF:lib/branch_variable_value/cubit/branch_variable_value.g.dart
DA:9,2
DA:12,1
DA:13,1
DA:18,1
DA:19,2
DA:20,2
DA:21,2
DA:22,2
DA:28,2
DA:30,2
DA:31,2
DA:32,2
DA:33,2
DA:34,2
LF:14
LH:14
end_of_record
SF:lib/branch_variable_value/cubit/branch_variable_values_state.dart
DA:3,12
DA:6,2
DA:7,2
DA:8,2
DA:9,2
DA:10,2
DA:11,2
DA:12,2
DA:13,2
DA:14,2
DA:18,3
DA:23,1
DA:24,1
DA:25,0
DA:26,2
DA:30,1
DA:31,2
DA:32,2
DA:39,1
DA:40,2
DA:41,4
DA:48,1
DA:49,1
DA:51,2
DA:55,1
DA:56,2
DA:57,1
DA:60,1
DA:61,2
DA:62,1
DA:65,3
DA:66,1
DA:69,2
DA:70,1
DA:73,1
DA:74,3
DA:75,1
DA:77,6
DA:78,1
DA:81,1
DA:82,3
DA:84,1
DA:85,2
DA:86,2
LF:44
LH:43
end_of_record
SF:lib/branch_variable_value/cubit/branch_variable_values_cubit.dart
DA:9,3
DA:11,1
DA:12,3
DA:15,1
DA:16,3
DA:19,1
DA:20,3
DA:23,1
DA:24,3
DA:27,1
DA:28,2
LF:11
LH:11
end_of_record
SF:lib/gitbranch/cubit/gitbranch.dart
DA:14,6
DA:21,4
DA:27,2
DA:38,4
DA:39,2
DA:40,4
DA:42,1
DA:43,5
LF:8
LH:8
end_of_record
SF:lib/gitbranch/cubit/gitbranch.g.dart
DA:9,2
DA:12,1
DA:13,1
DA:18,1
DA:19,2
DA:20,2
DA:21,2
DA:22,2
DA:28,4
DA:29,2
DA:30,2
DA:31,2
DA:32,2
LF:13
LH:13
end_of_record
SF:lib/repositories/json_storage.dart
DA:15,0
DA:22,0
DA:24,0
DA:39,0
DA:41,0
DA:42,0
DA:44,0
DA:45,0
DA:46,0
DA:47,0
DA:48,0
DA:49,0
LF:12
LH:0
end_of_record
SF:lib/repositories/json_storage.g.dart
DA:9,0
DA:12,0
DA:13,0
DA:28,0
DA:29,0
DA:30,0
DA:32,0
DA:33,0
DA:34,0
DA:35,0
DA:37,0
DA:38,0
DA:39,0
DA:40,0
DA:42,0
DA:43,0
DA:44,0
DA:50,0
DA:51,0
DA:52,0
DA:53,0
DA:54,0
DA:55,0
LF:23
LH:0
end_of_record
SF:lib/gitbranch/views/branch_list_item.dart
DA:11,6
DA:13,6
DA:18,6
DA:19,6
DA:25,6
DA:27,6
DA:30,6
DA:32,6
DA:33,6
DA:35,6
DA:37,6
DA:38,6
DA:39,18
DA:40,6
DA:41,6
DA:42,24
DA:43,24
DA:44,6
DA:45,6
DA:46,6
DA:48,3
DA:49,9
DA:50,3
DA:51,12
DA:56,6
DA:57,36
DA:58,12
DA:59,12
LF:28
LH:28
end_of_record
SF:lib/gitbranch/cubit/gitbranches_cubit.dart
DA:9,3
DA:11,1
DA:12,3
DA:15,1
DA:16,3
DA:19,1
DA:20,3
DA:23,1
DA:24,3
DA:27,1
DA:28,2
LF:11
LH:11
end_of_record
SF:lib/gitbranch/cubit/gitbranches_state.dart
DA:3,8
DA:18,2
DA:19,2
DA:20,2
DA:21,2
DA:22,1
DA:23,1
DA:24,1
DA:25,1
DA:26,1
DA:27,1
DA:28,1
DA:29,1
DA:30,2
DA:31,1
DA:32,1
DA:33,2
DA:37,1
DA:39,2
DA:44,1
DA:46,1
DA:47,0
DA:48,2
DA:52,1
DA:53,2
DA:54,2
DA:61,1
DA:62,2
DA:63,2
DA:70,1
DA:71,2
DA:72,2
DA:79,1
DA:80,2
DA:81,4
DA:86,1
DA:87,1
DA:89,2
DA:93,1
DA:94,2
DA:95,1
DA:98,1
DA:99,2
DA:100,1
DA:103,2
DA:104,1
DA:107,2
DA:108,1
DA:111,2
DA:112,1
DA:115,2
DA:116,1
DA:119,1
DA:120,3
DA:121,1
DA:123,6
DA:124,1
DA:127,1
DA:128,3
DA:130,1
DA:131,2
DA:132,2
LF:62
LH:61
end_of_record
SF:lib/repositories/git_calls.dart
DA:6,0
DA:7,0
DA:9,0
DA:11,0
DA:12,0
DA:14,0
DA:17,0
DA:18,0
DA:19,0
DA:20,0
DA:24,0
DA:25,0
DA:26,0
DA:27,0
DA:28,0
DA:29,0
DA:33,0
DA:34,0
DA:38,0
DA:42,0
LF:20
LH:0
end_of_record
SF:lib/gitbranch/views/branches_screen.dart
DA:11,10
DA:14,6
DA:15,3
DA:18,3
DA:19,3
DA:25,3
DA:27,3
DA:30,3
DA:32,15
DA:33,9
DA:34,3
DA:37,3
DA:38,3
DA:39,6
DA:40,6
DA:42,3
DA:45,3
DA:47,3
DA:48,3
DA:49,6
DA:50,3
DA:51,6
DA:52,3
DA:53,3
DA:55,3
DA:56,6
DA:59,3
DA:61,6
DA:62,6
DA:63,9
DA:64,3
DA:65,9
DA:68,3
DA:70,3
DA:71,6
DA:72,3
DA:73,6
DA:74,6
DA:83,6
DA:88,3
DA:89,3
DA:90,3
DA:92,6
DA:93,6
DA:95,9
DA:96,9
DA:97,6
DA:98,3
DA:99,3
DA:105,6
DA:106,3
DA:108,3
DA:112,6
DA:113,3
DA:115,3
DA:116,6
DA:123,3
DA:124,3
DA:125,3
DA:126,6
DA:127,3
DA:128,3
DA:129,6
DA:130,18
DA:132,6
LF:65
LH:65
end_of_record
